Using overridden rdfparser.py
Using overridden sqlitecache.py
12131 , '{'A Golden Venture\nThe Lady of the Barge and Others, Part 11.'}' , {'PR', 'England -- Social life and customs -- Fiction', 'Humorous stories, English', 'River life -- Fiction'}
60846 , '{'A Great Day for the Irish'}' , {'Space travelers -- Fiction', 'Short stories', 'Space colonies -- Fiction', 'Entomologists -- Fiction', 'Plant parasites -- Fiction', 'Science fiction', 'PS'}
12129 , '{'A Mixed Proposal\nThe Lady of the Barge and Others, Part 9.'}' , {'PR', 'England -- Social life and customs -- Fiction', 'Humorous stories, English', 'River life -- Fiction'}
20257 , '{'A Political Romance'}' , {'PR', 'Fiction'}
12211 , '{'A Spirit of Avarice\nOdd Craft, Part 11.'}' , {'PR', 'Sailors -- Fiction', 'England -- Social life and customs -- Fiction', 'Humorous stories, English'}
12128 , '{"A Tiger's Skin\nThe Lady of the Barge and Others, Part 8."}' , {'PR', 'England -- Social life and customs -- Fiction', 'Humorous stories, English', 'River life -- Fiction'}
12214 , '{'Admiral Peters\nOdd Craft, Part 14.'}' , {'PR', 'Sailors -- Fiction', 'England -- Social life and customs -- Fiction', 'Humorous stories, English'}
17083 , '{'Adventures of a Sixpence in Guernsey by A Native'}' , {'Conduct of life -- Fiction', 'Short stories', 'PR'}
64480 , '{'Amour, Amour, Dear Planet!'}' , {'Space travelers -- Fiction', 'Short stories', 'Human-alien encounters -- Fiction', 'Kidnapping -- Fiction', 'Life on other planets -- Fiction', 'Science fiction', 'PS'}
12130 , '{'An Adulteration Act\nThe Lady of the Barge and Others, Part 10.'}' , {'PR', 'England -- Social life and customs -- Fiction', 'Humorous stories, English', 'River life -- Fiction'}
51017 , '{'Anecdotes of the Learned Pig\nWith Notes, Critical and Explanatory, and Illustrations from Bozzy, Piozzi &c. &c.'}' , {'PR', 'Johnson, Samuel, 1709-1784 -- Humor'}
12151 , '{'Back to back [Night watches, Part 1.]'}' , {'PR', 'Short stories', 'Humorous stories'}
12204 , '{"Bill's Lapse\nOdd Craft, Part 4."}' , {'PR', 'Sailors -- Fiction', 'England -- Social life and customs -- Fiction', 'Humorous stories, English'}
12123 , '{"Bill's Paper Chase\nLady of the Barge and Others, Part 3."}' , {'PR', 'England -- Social life and customs -- Fiction', 'Humorous stories, English', 'River life -- Fiction'}
64064 , '{'Blind Play'}' , {'Space travelers -- Fiction', 'Short stories', 'Criminals -- Fiction', 'Survival -- Fiction', 'Science fiction', 'PS'}
12203 , '{"Blundell's Improvement\nOdd Craft, Part 3."}' , {'PR', 'Sailors -- Fiction', 'England -- Social life and customs -- Fiction', 'Humorous stories, English'}
11185 , '{"Bob's Redemption\nCaptains All, Book 5."}' , {'PR', 'England -- Social life and customs -- Fiction', 'Humorous stories, English', 'River life -- Fiction'}
12206 , '{'Breaking a Spell\nOdd Craft, Part 6.'}' , {'PR', 'Sailors -- Fiction', 'England -- Social life and customs -- Fiction', 'Humorous stories, English'}
12127 , '{'Captain Rogers\nThe Lady of the Barge and Others, Part 7.'}' , {'PR', 'England -- Social life and customs -- Fiction', 'Humorous stories, English', 'River life -- Fiction'}
11181 , '{'Captains All\nCaptains All, Part 1.'}' , {'PR', 'England -- Social life and customs -- Fiction', 'Humorous stories, English', 'River life -- Fiction'}
51305 , '{'Confidence Game'}' , {'Science fiction', 'PS', 'Short stories'}
64445 , '{'Cosmic Castaway'}' , {'Space travelers -- Fiction', 'Short stories', 'Science fiction', 'Cyborgs -- Fiction', 'PS', 'Space ships -- Fiction'}
25793 , '{'Critical Miscellanies (Vol. 3 of 3), Essay 6: Harriet Martineau'}' , {'CT', 'Martineau, Harriet, 1802-1876', 'PR', 'Essays'}
15857 , '{'Critical Strictures on the New Tragedy of Elvira, Written by Mr. David Malloch'}' , {'PR', 'Mallet, David, 1705?-1765. Elvira'}
12125 , '{'Cupboard Love\nThe Lady of the Barge and Others, Part 5.'}' , {'PR', 'England -- Social life and customs -- Fiction', 'Humorous stories, English', 'River life -- Fiction'}
61919 , '{"Dead Man's Planet"}' , {'Science fiction', 'PS', 'Short stories', 'Asteroids -- Fiction'}
63648 , '{'Defense Mech'}' , {'Space travelers -- Fiction', 'Mars (Planet) -- Fiction', 'Short stories', 'Science fiction', 'Psychological fiction', 'PS'}
69009 , '{'Definition'}' , {'Space travelers -- Fiction', 'Short stories', 'Human-alien encounters -- Fiction', 'Spouses -- Fiction', 'Science fiction', 'Proselytizing -- Fiction', 'PS'}
10781 , '{"Deserted\nSailor's Knots, Part 1."}' , {'PR', 'England -- Social life and customs -- Fiction', 'Humorous stories, English'}
11481 , '{'Dirty Work\nDeep Waters, Part 11.'}' , {'PR', 'Sailors -- Fiction', 'England -- Social life and customs -- Fiction', 'Humorous stories, English'}
12210 , '{"Dixon's Return\nOdd Craft, Part 10."}' , {'PR', 'Sailors -- Fiction', 'England -- Social life and customs -- Fiction', 'Humorous stories, English'}
10791 , '{"Double Dealing\nSailor's Knots, Part 11."}' , {'PR', 'England -- Social life and customs -- Fiction', 'Humorous stories, English'}
10568 , '{"Dual Control\nShip's Company, Part 8."}' , {'PR', 'England -- Social life and customs -- Fiction', 'Humorous stories, English'}
12159 , '{'Easy money [Night watches, Part 9.]'}' , {'PR', 'Short stories', 'Humorous stories'}
12207 , '{'Establishing Relations\nOdd Craft, Part 7.'}' , {'PR', 'Sailors -- Fiction', 'England -- Social life and customs -- Fiction', 'Humorous stories, English'}
64812 , '{'Eyes That Watch'}' , {'Space travelers -- Fiction', 'Short stories', 'Experiments -- Fiction', 'Science fiction', 'PS'}
10564 , '{"Fairy Gold\nShip's Company, Part 4."}' , {'PR', 'England -- Social life and customs -- Fiction', 'Humorous stories, English'}
7759 , '{'Falkland, Book 3.'}' , {'PR', 'Fiction'}
11477 , '{'Family Cares\nDeep Waters, Part 7.'}' , {'PR', 'Sailors -- Fiction', 'England -- Social life and customs -- Fiction', 'Humorous stories, English'}
1367 , '{'Findelkind'}' , {'PZ', 'PR', 'Domestic fiction', 'Grandfathers -- Juvenile fiction', 'Orphans -- Juvenile fiction', "Children's stories", 'Shepherds -- Juvenile fiction'}
10561 , '{"Fine Feathers\nShip's Company, Part 1."}' , {'PR', 'England -- Social life and customs -- Fiction', 'Humorous stories, English'}
64647 , '{'Flight From Time'}' , {'Space travelers -- Fiction', 'Thieves -- Fiction', 'Short stories', 'Time -- Fiction', 'Science fiction', 'PS'}
10570 , '{"For Better or Worse\nShip's Company, Part 10."}' , {'PR', 'England -- Social life and customs -- Fiction', 'Humorous stories, English'}
11187 , '{'Four Pigeons\nCaptains All, Book 7.'}' , {'PR', 'England -- Social life and customs -- Fiction', 'Humorous stories, English', 'River life -- Fiction'}
10562 , '{"Friends in Need\nShip's Company, Part 2."}' , {'PR', 'England -- Social life and customs -- Fiction', 'Humorous stories, English'}
50981 , '{"Garrity's Annuities"}' , {'Space travelers -- Fiction', 'Short stories', 'Spouses -- Fiction', 'Science fiction', 'PS'}
30959 , '{'George Eliot Centenary, November 1919\r\nCatalogue of Relics, Manuscrips, Prints, Paintings, Photographs & Books relating to George Eliot'}' , {'PR', 'Eliot, George, 1819-1880 -- Exhibitions'}
10563 , '{"Good Intentions\nShip's Company, Part 3."}' , {'PR', 'England -- Social life and customs -- Fiction', 'Humorous stories, English'}
64963 , '{'Heir Apparent'}' , {'Space travelers -- Fiction', 'Short stories', 'Man-woman relationships -- Fiction', 'Science fiction', 'PS'}
12160 , '{'His other self [Night watches, Part 10.]'}' , {'PR', 'Short stories', 'Humorous stories'}
10782 , '{"Homeward Bound\nSailor's Knots, Part 2."}' , {'PR', 'England -- Social life and customs -- Fiction', 'Humorous stories, English'}
23923 , '{'How Doth the Simple Spelling Bee'}' , {'Satire', 'PS', 'Spelling reform -- Fiction'}
11476 , '{'Husbandry\nDeep Waters, Part 6.'}' , {'PR', 'Sailors -- Fiction', 'England -- Social life and customs -- Fiction', 'Humorous stories, English'}
12126 , '{'In the Library\nThe Lady of the Barge and Others, Part 6.'}' , {'PR', 'England -- Social life and customs -- Fiction', 'Humorous stories, English', 'River life -- Fiction'}
10792 , '{"Keeping Up Appearances\nSailor's Knots, Part 12."}' , {'PR', 'England -- Social life and customs -- Fiction', 'Humorous stories, English'}
12152 , '{'Keeping watch [Night watches, Part 2.]'}' , {'PR', 'Short stories', 'Humorous stories'}
12205 , '{'Lawyer Quince\nOdd Craft, Part 5.'}' , {'PR', 'Sailors -- Fiction', 'England -- Social life and customs -- Fiction', 'Humorous stories, English'}
2730 , '{'Long Odds'}' , {'Quatermain, Allan (Fictitious character) -- Fiction', 'PR', 'Adventure stories', 'Africa -- Fiction', 'Hunting guides -- Fiction'}
11473 , '{'Made to Measure\nDeep Waters, Part 3.'}' , {'PR', 'Sailors -- Fiction', 'England -- Social life and customs -- Fiction', 'Humorous stories, English'}
10572 , '{"Manners Makyth Man\nShip's Company, Part 12."}' , {'PR', 'England -- Social life and customs -- Fiction', 'Humorous stories, English'}
10785 , '{"Matrimonial Openings\nSailor's Knots, Part 5."}' , {'PR', 'England -- Social life and customs -- Fiction', 'Humorous stories, English'}
63963 , '{'Mercy Flight'}' , {'Orphans -- Fiction', 'Space travelers -- Fiction', 'Short stories', 'Space flight -- Fiction', 'PS', 'Journalists -- Fiction', 'Science fiction', 'Sick children -- Fiction'}
63130 , '{'Mr. Meek Plays Polo'}' , {'Space travelers -- Fiction', 'Human-alien encounters -- Fiction', 'Asteroids -- Fiction', 'Adventure stories', 'Science fiction', 'PS'}
63046 , '{'Mr. Meek—Musketeer'}' , {'Space travelers -- Fiction', 'Adventure stories', 'Science fiction', 'PS', 'Space ships -- Fiction'}
39080 , '{"My Mother's Gold Ring: Founded on Fact\r\nEighth Edition"}' , {'Drinking of alcoholic beverages -- Fiction', 'PS', 'Temperance -- Fiction'}
5331 , '{'NATURAE'}' , {'Literature', 'PS'}
12213 , '{'Odd Charges\nOdd Craft, Part 13.'}' , {'PR', 'Sailors -- Fiction', 'England -- Social life and customs -- Fiction', 'Humorous stories, English'}
10786 , '{"Odd Man Out\nSailor's Knots, Part 6."}' , {'PR', 'England -- Social life and customs -- Fiction', 'Humorous stories, English'}
11186 , '{'Over the Side\nCaptains All, Book 6.'}' , {'PR', 'England -- Social life and customs -- Fiction', 'Humorous stories, English', 'River life -- Fiction'}
63990 , '{'Palimpsest'}' , {'Space travelers -- Fiction', 'Short stories', 'Space colonies -- Fiction', 'Science fiction', 'Venus (Planet) -- Fiction', 'Stowaways -- Fiction', 'PS'}
72269 , '{'Pattern'}' , {'Space travelers -- Fiction', 'Short stories', 'Human-alien encounters -- Fiction', 'Science fiction', 'PS'}
11472 , '{'Paying Off\nDeep Waters, Part 2.'}' , {'PR', 'Sailors -- Fiction', 'England -- Social life and customs -- Fiction', 'Humorous stories, English'}
10788 , '{"Peter's Pence\nSailor's Knots, Part 8."}' , {'PR', 'England -- Social life and customs -- Fiction', 'Humorous stories, English'}
5766 , '{"Praetor's Lunch"}' , {'Literature', 'PS'}
10790 , '{"Prize Money\nSailor's Knots, Part 10."}' , {'PR', 'England -- Social life and customs -- Fiction', 'Humorous stories, English'}
72180 , '{'Requiem'}' , {'Space travelers -- Fiction', 'Short stories', 'Earth (Planet) -- Fiction', 'Television broadcasting -- Fiction', 'Science fiction', 'PS'}
58659 , '{'Resurrection Seven'}' , {'Space travelers -- Fiction', 'Short stories', 'Science fiction', 'PS', 'Space ships -- Fiction'}
64602 , '{'Runaway'}' , {'Science fiction', 'PS', 'Space ships -- Fiction', 'Short stories'}
11474 , '{"Sam's Ghost\nDeep Waters, Part 4."}' , {'PR', 'Sailors -- Fiction', 'England -- Social life and customs -- Fiction', 'Humorous stories, English'}
60421 , '{'Security'}' , {'United States -- Fiction', 'Short stories', 'PS', 'Science fiction', 'Scientists -- Fiction', 'Secrecy -- Fiction'}
10783 , '{"Self-Help\r\nSailor's Knots, Part 3."}' , {'PR', 'England -- Social life and customs -- Fiction', 'Humorous stories, English'}
10784 , '{"Sentence Deferred\nSailor's Knots, Part 4."}' , {'PR', 'England -- Social life and customs -- Fiction', 'Humorous stories, English'}
11471 , '{'Shareholders\nDeep Waters, Part 1.'}' , {'PR', 'Sailors -- Fiction', 'England -- Social life and customs -- Fiction', 'Humorous stories, English'}
10569 , '{"Skilled Assistance\nShip's Company, Part 9."}' , {'PR', 'England -- Social life and customs -- Fiction', 'Humorous stories, English'}
51249 , '{'Spacemen Die at Home'}' , {'Science fiction', 'Space travelers -- Fiction', 'PS', 'Short stories'}
64530 , '{'Spacemen are born'}' , {'Space travelers -- Fiction', 'Short stories', 'Space flight -- Fiction', 'Science fiction', 'PS'}
60655 , '{'Star of Rebirth'}' , {'Hunters -- Fiction', 'Space travelers -- Fiction', 'Short stories', 'Life on other planets -- Fiction', 'Science fiction', 'Extraterrestrial beings -- Fiction', 'PS'}
12155 , '{'Stepping backwards [Night watches, Part 5.]'}' , {'PR', 'Short stories', 'Humorous stories'}
11480 , '{'Striking Hard\nDeep Waters, Part 10.'}' , {'PR', 'Sailors -- Fiction', 'England -- Social life and customs -- Fiction', 'Humorous stories, English'}
72181 , '{'Sunfire!'}' , {'Space travelers -- Fiction', 'Short stories', 'Human-alien encounters -- Fiction', 'Science fiction', 'PS', 'Mercury (Planet) -- Fiction'}
7200 , '{'The Adventures of Tom Sawyer, Part 8.'}' , {'Runaway children -- Fiction', 'Mississippi River Valley -- Fiction', 'Humorous stories', 'Missouri -- Fiction', 'Bildungsromans', 'Adventure stories', 'Child witnesses -- Fiction', 'Sawyer, Tom (Fictitious character) -- Fiction', 'Boys -- Fiction', 'Male friendship -- Fiction', 'PS'}
10566 , '{"The Bequest\nShip's Company, Part 6."}' , {'PR', 'England -- Social life and customs -- Fiction', 'Humorous stories, English'}
11182 , '{"The Boatswain's Mate\nCaptains All, Book 2."}' , {'PR', 'England -- Social life and customs -- Fiction', 'Humorous stories, English', 'River life -- Fiction'}
12202 , '{'The Castaway\nOdd Craft, Part 2.'}' , {'PR', 'Sailors -- Fiction', 'England -- Social life and customs -- Fiction', 'Humorous stories, English'}
12208 , '{'The Changing Numbers\nOdd Craft, Part 8.'}' , {'PR', 'Sailors -- Fiction', 'England -- Social life and customs -- Fiction', 'Humorous stories, English'}
51508 , '{'The Chasers'}' , {'Space travelers -- Fiction', 'Short stories', 'Science fiction', 'PS', 'Extrasolar planets -- Fiction'}
11184 , '{"The Constable's Move\nCaptains All, Book 4."}' , {'PR', 'England -- Social life and customs -- Fiction', 'Humorous stories, English', 'River life -- Fiction'}
11475 , '{'The Convert\nDeep Waters, Part 5.'}' , {'PR', 'Sailors -- Fiction', 'England -- Social life and customs -- Fiction', 'Humorous stories, English'}
10567 , '{"The Guardian Angel\nShip's Company, Part 7."}' , {'PR', 'England -- Social life and customs -- Fiction', 'Humorous stories, English'}
10789 , '{"The Head of the Family\nSailor's Knots, Part 9."}' , {'PR', 'England -- Social life and customs -- Fiction', 'Humorous stories, English'}
12121 , '{'The Lady of the Barge\nThe Lady of the Barge and Others, Part 1.'}' , {'PR', 'England -- Social life and customs -- Fiction', 'Humorous stories, English', 'River life -- Fiction'}
38302 , '{'The Lonely Ones'}' , {'Space travelers -- Fiction', 'Short stories', 'Human-alien encounters -- Fiction', 'Space flight -- Fiction', 'Science fiction', 'PS'}
63889 , '{'The Luminous Blonde'}' , {'Space travelers -- Fiction', 'Short stories', 'Spouses -- Fiction', 'Science fiction', 'PS', 'Space ships -- Fiction'}
60520 , '{'The Marrying Man'}' , {'Space travelers -- Fiction', 'Short stories', 'Time dilatation -- Fiction', 'Spouses -- Fiction', 'Science fiction', 'PS'}
51731 , '{'The Mentor: American Pioneer Prose Writers,\nVol. 4, Num. 6, Serial No. 106, May 1, 1916'}' , {'Authors, American', 'PS', 'American prose literature'}
32353 , '{'The Mind Digger'}' , {'Short stories', 'Dramatists -- Fiction', 'Science fiction', 'Memory -- Fiction', 'Psychological fiction', 'PS'}
12201 , '{'The Money Box\nOdd Craft, Part 1.'}' , {'PR', 'Sailors -- Fiction', 'England -- Social life and customs -- Fiction', 'Humorous stories, English'}
11183 , '{'The Nest Egg\nCaptains All, Book 3.'}' , {'PR', 'England -- Social life and customs -- Fiction', 'Humorous stories, English', 'River life -- Fiction'}
10571 , '{"The Old Man of the Sea\nShip's Company, Part 11."}' , {'PR', 'England -- Social life and customs -- Fiction', 'Humorous stories, English'}
12209 , '{'The Persecution of Bob Pretty\nOdd Craft, Part 9.'}' , {'PR', 'Sailors -- Fiction', 'England -- Social life and customs -- Fiction', 'Humorous stories, English'}
66618 , '{'The Pioneer'}' , {'Space travelers -- Fiction', 'Short stories', 'Science fiction', 'Psychic ability -- Fiction', 'Conflict of generations -- Fiction', 'PS'}
65972 , '{'The Plague of Athens, which hapned in the second year of the Peloponnesian Warre\r\nFirst described in Greek by Thucydides; then in Latin by Lucretius. Now attempted in English'}' , {'PR', 'Plague -- Greece -- Athens', 'Greece -- History -- Peloponnesian War, 431-404 B.C.'}
7155 , '{'The Prince and the Pauper, Part 2.'}' , {'Impostors and imposture -- Fiction', 'Lookalikes -- Fiction', 'Poor children -- Fiction', 'Princes -- Fiction', 'Social classes -- Fiction', 'Boys -- Fiction', 'London (England) -- Fiction', 'Historical fiction', 'PS', 'Edward VI, King of England, 1537-1553 -- Fiction'}
7156 , '{'The Prince and the Pauper, Part 3.'}' , {'Impostors and imposture -- Fiction', 'Lookalikes -- Fiction', 'Poor children -- Fiction', 'Princes -- Fiction', 'Social classes -- Fiction', 'Boys -- Fiction', 'London (England) -- Fiction', 'Historical fiction', 'PS', 'Edward VI, King of England, 1537-1553 -- Fiction'}
49278 , '{'The Soldier and Death\nA Russian Folk Tale Told in English by Arthur Ransome'}' , {'PS', 'Folklore -- Russia'}
11479 , '{'The Substitute\nDeep Waters, Part 9.'}' , {'PR', 'Sailors -- Fiction', 'England -- Social life and customs -- Fiction', 'Humorous stories, English'}
11188 , '{'The Temptation of Samuel Burge\nCaptains All, Book 8.'}' , {'PR', 'England -- Social life and customs -- Fiction', 'Humorous stories, English', 'River life -- Fiction'}
12212 , '{'The Third String\nOdd Craft, Part 12.'}' , {'PR', 'Sailors -- Fiction', 'England -- Social life and customs -- Fiction', 'Humorous stories, English'}
10787 , '{"The Toll-House\nSailor's Knots, Part 7."}' , {'PR', 'England -- Social life and customs -- Fiction', 'Humorous stories, English'}
23390 , '{'The True Life of Betty Ireland\nWith Her Birth, Education, and Adventures. Together with Some Account of Her Elder Sister Blanch of Britain. Containing Sundry Very Curious Particulars'}' , {'Satire', 'PR'}
12124 , '{'The Well\nThe Lady of the Barge and Others, Part 4.'}' , {'England -- Social life and customs -- Fiction', 'PR', 'Horror tales, English'}
11190 , '{'The White Cat\nCaptains All, Book 10.'}' , {'PR', 'England -- Social life and customs -- Fiction', 'Humorous stories, English', 'River life -- Fiction'}
71388 , '{'The man who talked too much'}' , {'Voyages and travels -- Fiction', 'PS', 'Short stories'}
1981 , '{'The right to read = $b Le droit de lire'}' , {'Science fiction', 'PS', 'Short stories', 'Intellectual property -- Fiction'}
69213 , '{'The thirteenth juror', 'The 13th juror'}' , {'Space travelers -- Fiction', 'Short stories', 'Trials -- Fiction', 'Spouses -- Fiction', 'Science fiction', 'PS', 'Jealousy -- Fiction'}
12156 , '{'The three sisters [Night watches, Part 6.]'}' , {'PR', 'Short stories', 'Humorous stories'}
73243 , '{'The trap'}' , {'Boarding schools -- Fiction', 'Schoolboys -- Fiction', 'Connecticut -- Fiction', 'Paranormal fiction', 'Mirrors -- Fiction', 'Teachers -- Fiction', 'PS'}
12153 , '{'The understudy [Night watches, Part 3.]'}' , {'PR', 'Short stories', 'Humorous stories'}
12157 , '{'The unknown [Night watches, Part 7.]'}' , {'PR', 'Short stories', 'Humorous stories'}
12158 , '{'The vigil [Night watches, Part 8.]'}' , {'PR', 'Short stories', 'Humorous stories'}
12154 , '{'The weaker vessel [Night watches, Part 4.]'}' , {'PR', 'Short stories', 'Humorous stories'}
12132 , '{'Three at Table\nThe Lady of the Barge and Others, Part 12.'}' , {'PR', 'England -- Social life and customs -- Fiction', 'Humorous stories, English', 'River life -- Fiction'}
40965 , '{'Time and the Woman'}' , {'Space travelers -- Fiction', 'Short stories', 'Women -- Fiction', 'Science fiction', 'PS'}
10565 , '{"Watch-Dogs\nShip's Company, Part 5."}' , {'PR', 'England -- Social life and customs -- Fiction', 'Humorous stories, English'}
52033 , '{"William Mackay on T. W. Robertson's Play 'School'"}' , {'PR', "Robertson, T. W. (Thomas William), 1829-1871. 'School'"}
