 - Title: {'Ethics — Part 5'}: False
 - Title: {'The History of Don Quixote, Volume 1, Part 02'}: False
 - Title: {'The History of Don Quixote, Volume 1, Part 05'}: False
 - Title: {'The History of Don Quixote, Volume 1, Part 06'}: False
 - Title: {'The History of Don Quixote, Volume 1, Part 08'}: False
 - Title: {'The History of Don Quixote, Volume 1, Part 10'}: False
 - Title: {'The History of Don Quixote, Volume 1, Part 11'}: False
 - Title: {'The History of Don Quixote, Volume 1, Part 18'}: False
 - Title: {'The History of Don Quixote, Volume 2, Part 23'}: False
 - Title: {'The History of Don Quixote, Volume 2, Part 25'}: False
 - Title: {'The History of Don Quixote, Volume 2, Part 28'}: False
 - Title: {'The History of Don Quixote, Volume 2, Part 31'}: False
 - Title: {'The History of Don Quixote, Volume 2, Part 36'}: False
 - Title: {'The History of Don Quixote, Volume 2, Part 38'}: False
 - Title: {'The History of Don Quixote, Volume 2, Part 41'}: False
 - Title: {'The History of Don Quixote, Volume 2, Part 42'}: False
 - Title: {'The Prince and the Pauper, Part 1.'}: False
 - Title: {'The Prince and the Pauper, Part 2.'}: False
 - Title: {'The Prince and the Pauper, Part 3.'}: False
 - Title: {'The Adventures of Tom Sawyer, Part 1.'}: False
 - Title: {'The Adventures of Tom Sawyer, Part 8.'}: False
 - Title: {'The Bridal of Pennacook\r\nPart 2 From Volume I of The Works of John Greenleaf Whittier'}: False
 - Title: {'Bay of Seven Islands, and other poems\r\nPart 7 From Volume I of The Works of John Greenleaf Whittier'}: False
 - Title: {'Mountain Pictures, and other poems\r\nPart 2 From Volume II of The Works of John Greenleaf Whittier'}: False
 - Title: {'Reminiscent Poems\r\nPart 3 From Volume II of The Works of John Greenleaf Whittier'}: False
 - Title: {'At Sundown, and other poems\r\nPart 5 from Volume IV of The Works of John Greenleaf Whittier'}: False
 - Title: {"Fine Feathers\nShip's Company, Part 1."}: False
 - Title: {"Friends in Need\nShip's Company, Part 2."}: False
 - Title: {"Good Intentions\nShip's Company, Part 3."}: False
 - Title: {"Fairy Gold\nShip's Company, Part 4."}: False
 - Title: {"Watch-Dogs\nShip's Company, Part 5."}: False
 - Title: {"The Bequest\nShip's Company, Part 6."}: False
 - Title: {"The Guardian Angel\nShip's Company, Part 7."}: False
 - Title: {"Dual Control\nShip's Company, Part 8."}: False
 - Title: {"Skilled Assistance\nShip's Company, Part 9."}: False
 - Title: {"For Better or Worse\nShip's Company, Part 10."}: False
 - Title: {"The Old Man of the Sea\nShip's Company, Part 11."}: False
 - Title: {"Manners Makyth Man\nShip's Company, Part 12."}: False
 - Title: {"Deserted\nSailor's Knots, Part 1."}: False
 - Title: {"Homeward Bound\nSailor's Knots, Part 2."}: False
 - Title: {"Self-Help\r\nSailor's Knots, Part 3."}: False
 - Title: {"Sentence Deferred\nSailor's Knots, Part 4."}: False
 - Title: {"Matrimonial Openings\nSailor's Knots, Part 5."}: False
 - Title: {"Odd Man Out\nSailor's Knots, Part 6."}: False
 - Title: {"The Toll-House\nSailor's Knots, Part 7."}: False
 - Title: {"Peter's Pence\nSailor's Knots, Part 8."}: False
 - Title: {"The Head of the Family\nSailor's Knots, Part 9."}: False
 - Title: {"Prize Money\nSailor's Knots, Part 10."}: False
 - Title: {"Double Dealing\nSailor's Knots, Part 11."}: False
 - Title: {"Keeping Up Appearances\nSailor's Knots, Part 12."}: False
 - Title: {'Captains All\nCaptains All, Part 1.'}: False
 - Title: {'Shareholders\nDeep Waters, Part 1.'}: False
 - Title: {'Paying Off\nDeep Waters, Part 2.'}: False
 - Title: {'Made to Measure\nDeep Waters, Part 3.'}: False
 - Title: {"Sam's Ghost\nDeep Waters, Part 4."}: False
 - Title: {'The Convert\nDeep Waters, Part 5.'}: False
 - Title: {'Husbandry\nDeep Waters, Part 6.'}: False
 - Title: {'Family Cares\nDeep Waters, Part 7.'}: False
 - Title: {'The Substitute\nDeep Waters, Part 9.'}: False
 - Title: {'Striking Hard\nDeep Waters, Part 10.'}: False
 - Title: {'Dirty Work\nDeep Waters, Part 11.'}: False
 - Title: {'The Lady of the Barge\nThe Lady of the Barge and Others, Part 1.'}: False
 - Title: {"The Monkey's Paw\nThe Lady of the Barge and Others, Part 2."}: False
 - Title: {"Bill's Paper Chase\nLady of the Barge and Others, Part 3."}: False
 - Title: {'The Well\nThe Lady of the Barge and Others, Part 4.'}: False
 - Title: {'Cupboard Love\nThe Lady of the Barge and Others, Part 5.'}: False
 - Title: {'In the Library\nThe Lady of the Barge and Others, Part 6.'}: False
 - Title: {'Captain Rogers\nThe Lady of the Barge and Others, Part 7.'}: False
 - Title: {"A Tiger's Skin\nThe Lady of the Barge and Others, Part 8."}: False
 - Title: {'A Mixed Proposal\nThe Lady of the Barge and Others, Part 9.'}: False
 - Title: {'An Adulteration Act\nThe Lady of the Barge and Others, Part 10.'}: False
 - Title: {'A Golden Venture\nThe Lady of the Barge and Others, Part 11.'}: False
 - Title: {'Three at Table\nThe Lady of the Barge and Others, Part 12.'}: False
 - Title: {'Back to back [Night watches, Part 1.]'}: False
 - Title: {'Keeping watch [Night watches, Part 2.]'}: False
 - Title: {'The understudy [Night watches, Part 3.]'}: False
 - Title: {'The weaker vessel [Night watches, Part 4.]'}: False
 - Title: {'Stepping backwards [Night watches, Part 5.]'}: False
 - Title: {'The three sisters [Night watches, Part 6.]'}: False
 - Title: {'The unknown [Night watches, Part 7.]'}: False
 - Title: {'The vigil [Night watches, Part 8.]'}: False
 - Title: {'Easy money [Night watches, Part 9.]'}: False
 - Title: {'His other self [Night watches, Part 10.]'}: False
 - Title: {'The Money Box\nOdd Craft, Part 1.'}: False
 - Title: {'The Castaway\nOdd Craft, Part 2.'}: False
 - Title: {"Blundell's Improvement\nOdd Craft, Part 3."}: False
 - Title: {"Bill's Lapse\nOdd Craft, Part 4."}: False
 - Title: {'Lawyer Quince\nOdd Craft, Part 5.'}: False
 - Title: {'Breaking a Spell\nOdd Craft, Part 6.'}: False
 - Title: {'Establishing Relations\nOdd Craft, Part 7.'}: False
 - Title: {'The Changing Numbers\nOdd Craft, Part 8.'}: False
 - Title: {'The Persecution of Bob Pretty\nOdd Craft, Part 9.'}: False
 - Title: {"Dixon's Return\nOdd Craft, Part 10."}: False
 - Title: {'A Spirit of Avarice\nOdd Craft, Part 11.'}: False
 - Title: {'The Third String\nOdd Craft, Part 12.'}: False
 - Title: {'Odd Charges\nOdd Craft, Part 13.'}: False
 - Title: {'Admiral Peters\nOdd Craft, Part 14.'}: False
 - Title: {"The Cyder-Maker's Instructor, Sweet-Maker's Assistant, and Victualler's and Housekeeper's Director\nIn Three Parts"}: True
 - Title: {"The Departing Soul's Address to the Body: A Fragment of a Semi-Saxon Poem\r\nDiscovered Among the Archives of Worcester Cathedral"}: True
 - Title: {"The Sot-weed Factor: or, A Voyage to Maryland. A Satyr.\r\nIn which is Describ'd The Laws, Government, Courts and Constitutions of the Country, and also the Buildings, Feasts, Frolicks, Entertainments and Drunken Humours of the Inhabitants of that Part of America.  In Burlesque Verse."}: False
 - Title: {'The Birthday Party: A Story for Little Folks'}: True
 - Title: {'The Parthenon By Way Of Papendrecht'}: True
 - Title: {'Report on the Department of Ports and Harbours for the Year 1890-91'}: True
 - Title: {'Minutes of the Proceedings of the Second Convention of Delegates from the Abolition Societies Established in Different Parts of the United States\nAssembled at Philadelphia, on the seventh day of January,\none thousand seven hundred and ninety-five, and continued,\nby adjournments, until the fourteenth day of the same\nmonth, inclusive'}: True
 - Title: {'Parturition without Pain or Loss of Consciousness'}: True
 - Title: {'The Little Dog Trusty; The Orange Man; and the Cherry Orchard; Being the Tenth Part of Early Lessons (1801)'}: False
 - Title: {'Punch and Judy, with Instructions How to Manage the Little Wooden Actors\r\nContaining New and Easy Dialogues Arranged for the Use of Beginners, Desirous to Learn How to Work the Puppets. For Sunday Schools, Private Parties, Festivals and Parlor Entertainments.'}: True
 - Title: {'Points of Humour, Part 1 (of 2)'}: False
 - Title: {'Devotional Poetry for the Children. Second Part'}: False
 - Title: {'S. W. Partridge & Co. Catalogue of Popular Illustrated Books, 1904'}: True
 - Title: {'The Kingdom of God, Part 1'}: False
 - Title: {'Illustrations of the Family of Psittacidæ, or Parrots\r\nThe greater part of them species hitherto unfigured, containing forty-two lithographic plates, drawings from life, and on stone'}: False
 - Title: {'Synthesis of 2-methyl-4-selenoquinazolone, 2-phenylbenzoselenazole, and its derivatives\r\nDissertation submitted in partial fulfillment of the requirements for the degree of Doctor of Philosophy in the Faculty of Pure Science of Columbia University'}: True
 - Title: {'The Mentor: Napoleon Bonaparte, Serial No. 38'}: True
 - Title: {"Catalogue of S. W. Partridge & Co.'s Popular Illustrated Books"}: True
 - Title: {'The New Departure; Or, Thoughts for Loyal Churchmen'}: True
 - Title: {'An account of the manner of inoculating for the small pox in the East Indies\r\nWith some observations on the practice and mode of treating that disease in those parts'}: True
 - Title: {'Report of a special committee of the City Council, on the improvement of the Fire Department\r\nand also, on the best means of obtaining an additional supply of water for fire purposes, for the city of Halifax, N.S.'}: True
 - Title: {'A Party in Mother Goose Land: A One Act Play for Primary Children'}: True
 - Title: {'Uncle George on Draw Poker', 'Talk of Uncle George to His Nephew about Draw Poker\r\nContaining valuable suggestions in connection with this great American game. Also, instruction and directions to clubs and social card parties, whose members play only for recreation and pastime, with timely warnings to young players.'}: True
 - Title: {'Terra Australis Incognita; Or, A New Southern Discovery, containing A Fifth Part of the World'}: False
 - Title: {"The Glorious Law-Giver, and the Obedient Subject\r\nBeing the Substance of a Sermon, on the Duty of All Believers to Commemorate the Death of the Redeemer, in the Lord's Supper. Intending to Set Forth the Authority of Christ; the Nature of the Ordinance; and a Description of the Persons Who Have a Right to Partake of the Same."}: True
 - Title: {"The Infamous Life of John Church, the St. George's Fields Preacher\r\nFrom His Infancy Up to His Trial and Conviction, With His Confession, Sent in a Letter to the Rev. Mr. L--, Two Days After His Attack on Adam Foreman, at Vauxhall, With Clerical Remarks by the Same Gentleman; to Which Is Added, His Love Epistles to E**** B****.   Together With Various Other Letters, Particularly One to Cook, of Vere-Street Notoriety."}: True
 - Title: {'A Trip to the Chain-Bridge, Near Bangor, and Other Parts of North Wales'}: True
 - Title: {'Colored Troops in the French Army\r\nA Report from the Department of State Relating to the Colored Troops in the French Army and the Number of French Colonial Troops in the Occupied Territory'}: True
 - Title: {'The Parthenon at Athens, Greece and at Nashville, Tennessee'}: True
 - Title: {'Until Life Do Us Part'}: False
 - Title: {"Miss Peck's Adventures: The Second Part of The Conceited Pig"}: False
 - Title: {'The Old-Time Spelling School; In Three Parts'}: True
 - Title: {"An Earnest Exhortation to a Frequent Reception of the Holy Sacrament of the Lord's Supper\r\nParticularly Addressed to Young Persons"}: True
 - Title: {"Betty Crocker's Frosting Secrets\r\nFancy Cake Decorating; New Cake-trimming Short Cuts; Fabulous Party Cake Ideas; Fun With Frostings"}: True
 - Title: {'Remarks upon the solar and the lunar years, the cycle of 19 years, commonly called the golden number, the epact, and a method of finding the time of Easter, as it is now observed in most parts of Europe'}: True
 - Title: {"The Power of Conscience, exemplified in the genuine and extraordinary confession of Thomas Bedworth\r\ndelivered to one of the principal officers of Newgate, the night before his execution on September 18, 1815, for the murder of Elizabeth Beesmore in Drury lane. Relating his horrible sufferings until compelled to surrender to public justice by the constant supernatural visitations of the murdered woman, and the frequent appearance of her apparition. From the original paper now in the possession of the publisher. Including interesting particulars of Bedworth's former life, his behaviour before execution, and an original and full report of the Common Serjeant's address on passing sentence."}: True
 - Title: {'The Discoveries of John Lederer\nIn three several Marches from Virginia to the East of Carolina, and other parts of the Continent'}: True
 - Title: {'Legend Land, Vol. 4\r\nBeing a Further Collection of Some of the Old Tales Told in Those Nearer Western Parts of Britain Served by the Great Western Railway'}: False
 - Title: {'The Aldine speller, part one : $b for grades one and two'}: False
 - Title: {'The partnership of paint'}: True
 - Title: {'Youthful folly detected: Written for the benefit of youth, particularly the female sex'}: True
 - Title: {'At Hotel On-de-Blink : $b An entertainment in two parts'}: True
 - Title: {'The chemical nature of the alpha particles from radioactive substances'}: True
 - Title: {'The life of the departed : $b A sermon occasioned by the death of the Rev. Joseph Crandal, of Salsbury, preached in the Baptist chapel, Germain Street, city of St. John'}: True
 - Title: {'Partakers of plenty : $b A study of the first Thanksgiving'}: True
 - Title: {'The picnic party : $b A story for little folks'}: True
